<?xml version="1.0" encoding="UTF-8"?>
<!-- Generated by org.testng.reporters.JUnitReportReporter -->
<testsuite skipped="0" hostname="SWAPNILKAMBLE" name="com.qa.hubspot.tests.HomePageTest" tests="3" failures="0" timestamp="07 Aug 2020 04:07:52 GMT" time="13.511" errors="0">
  <testcase name="verifyHomePageHeader" time="13.449" classname="com.qa.hubspot.tests.HomePageTest"/>
  <testcase name="verifyLoggedInUserText" time="0.055" classname="com.qa.hubspot.tests.HomePageTest"/>
  <testcase name="verifyHomePageTitle" time="0.007" classname="com.qa.hubspot.tests.HomePageTest"/>
</testsuite> <!-- com.qa.hubspot.tests.HomePageTest -->
